This is pdfTeX, Version 3.141592653-2.6-1.40.22 (MiKTeX 21.2) (preloaded format=pdflatex 2021.4.13)  1 AUG 2021 17:46
entering extended mode
**./ZusammenfassungML.tex
(ZusammenfassungML.tex
LaTeX2e <2020-10-01> patch level 4
L3 programming layer <2021-02-18> xparse <2020-03-03>
(C:\Users\bianc\AppData\Local\Programs\MiKTeX\tex/latex/base\article.cls
Document Class: article 2020/04/10 v1.4m Standard LaTeX document class
(C:\Users\bianc\AppData\Local\Programs\MiKTeX\tex/latex/base\size11.clo
File: size11.clo 2020/04/10 v1.4m Standard LaTeX file (size option)
)
\c@part=\count179
\c@section=\count180
\c@subsection=\count181
\c@subsubsection=\count182
\c@paragraph=\count183
\c@subparagraph=\count184
\c@figure=\count185
\c@table=\count186
\abovecaptionskip=\skip47
\belowcaptionskip=\skip48
\bibindent=\dimen138
)
(C:\Users\bianc\AppData\Local\Programs\MiKTeX\tex/latex/base\inputenc.sty
Package: inputenc 2020/08/01 v1.3d Input encoding file
\inpenc@prehook=\toks15
\inpenc@posthook=\toks16
)
(C:\Users\bianc\AppData\Local\Programs\MiKTeX\tex/latex/amsmath\amsmath.sty
Package: amsmath 2020/09/23 v2.17i AMS math features
\@mathmargin=\skip49

For additional information on amsmath, use the `?' option.
(C:\Users\bianc\AppData\Local\Programs\MiKTeX\tex/latex/amsmath\amstext.sty
Package: amstext 2000/06/29 v2.01 AMS text

(C:\Users\bianc\AppData\Local\Programs\MiKTeX\tex/latex/amsmath\amsgen.sty
File: amsgen.sty 1999/11/30 v2.0 generic functions
\@emptytoks=\toks17
\ex@=\dimen139
))
(C:\Users\bianc\AppData\Local\Programs\MiKTeX\tex/latex/amsmath\amsbsy.sty
Package: amsbsy 1999/11/29 v1.2d Bold Symbols
\pmbraise@=\dimen140
)
(C:\Users\bianc\AppData\Local\Programs\MiKTeX\tex/latex/amsmath\amsopn.sty
Package: amsopn 2016/03/08 v2.02 operator names
)
\inf@bad=\count187
LaTeX Info: Redefining \frac on input line 234.
\uproot@=\count188
\leftroot@=\count189
LaTeX Info: Redefining \overline on input line 399.
\classnum@=\count190
\DOTSCASE@=\count191
LaTeX Info: Redefining \ldots on input line 496.
LaTeX Info: Redefining \dots on input line 499.
LaTeX Info: Redefining \cdots on input line 620.
\Mathstrutbox@=\box47
\strutbox@=\box48
\big@size=\dimen141
LaTeX Font Info:    Redeclaring font encoding OML on input line 743.
LaTeX Font Info:    Redeclaring font encoding OMS on input line 744.
\macc@depth=\count192
\c@MaxMatrixCols=\count193
\dotsspace@=\muskip16
\c@parentequation=\count194
\dspbrk@lvl=\count195
\tag@help=\toks18
\row@=\count196
\column@=\count197
\maxfields@=\count198
\andhelp@=\toks19
\eqnshift@=\dimen142
\alignsep@=\dimen143
\tagshift@=\dimen144
\tagwidth@=\dimen145
\totwidth@=\dimen146
\lineht@=\dimen147
\@envbody=\toks20
\multlinegap=\skip50
\multlinetaggap=\skip51
\mathdisplay@stack=\toks21
LaTeX Info: Redefining \[ on input line 2923.
LaTeX Info: Redefining \] on input line 2924.
)
(C:\Users\bianc\AppData\Local\Programs\MiKTeX\tex/latex/amsfonts\amsfonts.sty
Package: amsfonts 2013/01/14 v3.01 Basic AMSFonts support
\symAMSa=\mathgroup4
\symAMSb=\mathgroup5
LaTeX Font Info:    Redeclaring math symbol \hbar on input line 98.
LaTeX Font Info:    Overwriting math alphabet `\mathfrak' in version `bold'
(Font)                  U/euf/m/n --> U/euf/b/n on input line 106.
)
(C:\Users\bianc\AppData\Local\Programs\MiKTeX\tex/latex/amsfonts\amssymb.sty
Package: amssymb 2013/01/14 v3.01 AMS font symbols
)
(C:\Users\bianc\AppData\Local\Programs\MiKTeX\tex/latex/graphics\graphicx.sty
Package: graphicx 2020/09/09 v1.2b Enhanced LaTeX Graphics (DPC,SPQR)

(C:\Users\bianc\AppData\Local\Programs\MiKTeX\tex/latex/graphics\keyval.sty
Package: keyval 2014/10/28 v1.15 key=value parser (DPC)
\KV@toks@=\toks22
)
(C:\Users\bianc\AppData\Local\Programs\MiKTeX\tex/latex/graphics\graphics.sty
Package: graphics 2020/08/30 v1.4c Standard LaTeX Graphics (DPC,SPQR)

(C:\Users\bianc\AppData\Local\Programs\MiKTeX\tex/latex/graphics\trig.sty
Package: trig 2016/01/03 v1.10 sin cos tan (DPC)
)
(C:\Users\bianc\AppData\Local\Programs\MiKTeX\tex/latex/graphics-cfg\graphics.c
fg
File: graphics.cfg 2016/06/04 v1.11 sample graphics configuration
)
Package graphics Info: Driver file: pdftex.def on input line 105.

(C:\Users\bianc\AppData\Local\Programs\MiKTeX\tex/latex/graphics-def\pdftex.def
File: pdftex.def 2020/10/05 v1.2a Graphics/color driver for pdftex
))
\Gin@req@height=\dimen148
\Gin@req@width=\dimen149
)
(C:\Users\bianc\AppData\Local\Programs\MiKTeX\tex/latex/multirow\multirow.sty
Package: multirow 2021/03/15 v2.8 Span multiple rows of a table
\multirow@colwidth=\skip52
\multirow@cntb=\count199
\multirow@dima=\skip53
\bigstrutjot=\dimen150
)
(C:\Users\bianc\AppData\Local\Programs\MiKTeX\tex/latex/xcolor\xcolor.sty
Package: xcolor 2016/05/11 v2.12 LaTeX color extensions (UK)

(C:\Users\bianc\AppData\Local\Programs\MiKTeX\tex/latex/graphics-cfg\color.cfg
File: color.cfg 2016/01/02 v1.6 sample color configuration
)
Package xcolor Info: Driver file: pdftex.def on input line 225.
(C:\Users\bianc\AppData\Local\Programs\MiKTeX\tex/latex/colortbl\colortbl.sty
Package: colortbl 2020/01/04 v1.0e Color table columns (DPC)

(C:\Users\bianc\AppData\Local\Programs\MiKTeX\tex/latex/latex-tools\array.sty
Package: array 2020/10/01 v2.5c Tabular extension package (FMi)
\col@sep=\dimen151
\ar@mcellbox=\box49
\extrarowheight=\dimen152
\NC@list=\toks23
\extratabsurround=\skip54
\backup@length=\skip55
\ar@cellbox=\box50
)
\everycr=\toks24
\minrowclearance=\skip56
)
\rownum=\count266
Package xcolor Info: Model `cmy' substituted by `cmy0' on input line 1348.
Package xcolor Info: Model `hsb' substituted by `rgb' on input line 1352.
Package xcolor Info: Model `RGB' extended on input line 1364.
Package xcolor Info: Model `HTML' substituted by `rgb' on input line 1366.
Package xcolor Info: Model `Hsb' substituted by `hsb' on input line 1367.
Package xcolor Info: Model `tHsb' substituted by `hsb' on input line 1368.
Package xcolor Info: Model `HSB' substituted by `hsb' on input line 1369.
Package xcolor Info: Model `Gray' substituted by `gray' on input line 1370.
Package xcolor Info: Model `wave' substituted by `hsb' on input line 1371.
) (C:\Users\bianc\AppData\Local\Programs\MiKTeX\tex/latex/hyperref\hyperref.sty
Package: hyperref 2021-02-10 v7.00j Hypertext links for LaTeX
(C:\Users\bianc\AppData\Local\Programs\MiKTeX\tex/generic/ltxcmds\ltxcmds.sty
Package: ltxcmds 2020-05-10 v1.25 LaTeX kernel commands for general use (HO)
)
(C:\Users\bianc\AppData\Local\Programs\MiKTeX\tex/generic/iftex\iftex.sty
Package: iftex 2020/03/06 v1.0d TeX engine tests
)
(C:\Users\bianc\AppData\Local\Programs\MiKTeX\tex/generic/pdftexcmds\pdftexcmds
.sty
Package: pdftexcmds 2020-06-27 v0.33 Utility functions of pdfTeX for LuaTeX (HO
)

(C:\Users\bianc\AppData\Local\Programs\MiKTeX\tex/generic/infwarerr\infwarerr.s
ty
Package: infwarerr 2019/12/03 v1.5 Providing info/warning/error messages (HO)
)
Package pdftexcmds Info: \pdf@primitive is available.
Package pdftexcmds Info: \pdf@ifprimitive is available.
Package pdftexcmds Info: \pdfdraftmode found.
)
(C:\Users\bianc\AppData\Local\Programs\MiKTeX\tex/generic/kvsetkeys\kvsetkeys.s
ty
Package: kvsetkeys 2019/12/15 v1.18 Key value parser (HO)
)
(C:\Users\bianc\AppData\Local\Programs\MiKTeX\tex/generic/kvdefinekeys\kvdefine
keys.sty
Package: kvdefinekeys 2019-12-19 v1.6 Define keys (HO)
)
(C:\Users\bianc\AppData\Local\Programs\MiKTeX\tex/generic/pdfescape\pdfescape.s
ty
Package: pdfescape 2019/12/09 v1.15 Implements pdfTeX's escape features (HO)
) (C:\Users\bianc\AppData\Local\Programs\MiKTeX\tex/latex/hycolor\hycolor.sty
Package: hycolor 2020-01-27 v1.10 Color options for hyperref/bookmark (HO)
)
(C:\Users\bianc\AppData\Local\Programs\MiKTeX\tex/latex/letltxmacro\letltxmacro
.sty
Package: letltxmacro 2019/12/03 v1.6 Let assignment for LaTeX macros (HO)
)
(C:\Users\bianc\AppData\Local\Programs\MiKTeX\tex/latex/auxhook\auxhook.sty
Package: auxhook 2019-12-17 v1.6 Hooks for auxiliary files (HO)
)
(C:\Users\bianc\AppData\Local\Programs\MiKTeX\tex/latex/kvoptions\kvoptions.sty
Package: kvoptions 2020-10-07 v3.14 Key value format for package options (HO)
)
\@linkdim=\dimen153
\Hy@linkcounter=\count267
\Hy@pagecounter=\count268
 (C:\Users\bianc\AppData\Local\Programs\MiKTeX\tex/latex/hyperref\pd1enc.def
File: pd1enc.def 2021-02-10 v7.00j Hyperref: PDFDocEncoding definition (HO)
Now handling font encoding PD1 ...
... no UTF-8 mapping file for font encoding PD1
)
(C:\Users\bianc\AppData\Local\Programs\MiKTeX\tex/latex/hyperref\hyperref-langp
atches.def
File: hyperref-langpatches.def 2021-02-10 v7.00j Hyperref: patches for babel la
nguages
)
(C:\Users\bianc\AppData\Local\Programs\MiKTeX\tex/generic/intcalc\intcalc.sty
Package: intcalc 2019/12/15 v1.3 Expandable calculations with integers (HO)
)
(C:\Users\bianc\AppData\Local\Programs\MiKTeX\tex/generic/etexcmds\etexcmds.sty
Package: etexcmds 2019/12/15 v1.7 Avoid name clashes with e-TeX commands (HO)
)
\Hy@SavedSpaceFactor=\count269
 (C:\Users\bianc\AppData\Local\Programs\MiKTeX\tex/latex/hyperref\puenc.def
File: puenc.def 2021-02-10 v7.00j Hyperref: PDF Unicode definition (HO)
Now handling font encoding PU ...
... no UTF-8 mapping file for font encoding PU
)
Package hyperref Info: Hyper figures OFF on input line 4192.
Package hyperref Info: Link nesting OFF on input line 4197.
Package hyperref Info: Hyper index ON on input line 4200.
Package hyperref Info: Plain pages OFF on input line 4207.
Package hyperref Info: Backreferencing OFF on input line 4212.
Package hyperref Info: Implicit mode ON; LaTeX internals redefined.
Package hyperref Info: Bookmarks ON on input line 4445.
\c@Hy@tempcnt=\count270

(C:\Users\bianc\AppData\Local\Programs\MiKTeX\tex/latex/url\url.sty
\Urlmuskip=\muskip17
Package: url 2013/09/16  ver 3.4  Verb mode for urls, etc.
)
LaTeX Info: Redefining \url on input line 4804.
\XeTeXLinkMargin=\dimen154

(C:\Users\bianc\AppData\Local\Programs\MiKTeX\tex/generic/bitset\bitset.sty
Package: bitset 2019/12/09 v1.3 Handle bit-vector datatype (HO)

(C:\Users\bianc\AppData\Local\Programs\MiKTeX\tex/generic/bigintcalc\bigintcalc
.sty
Package: bigintcalc 2019/12/15 v1.5 Expandable calculations on big integers (HO
)
))
\Fld@menulength=\count271
\Field@Width=\dimen155
\Fld@charsize=\dimen156
Package hyperref Info: Hyper figures OFF on input line 6075.
Package hyperref Info: Link nesting OFF on input line 6080.
Package hyperref Info: Hyper index ON on input line 6083.
Package hyperref Info: backreferencing OFF on input line 6090.
Package hyperref Info: Link coloring OFF on input line 6095.
Package hyperref Info: Link coloring with OCG OFF on input line 6100.
Package hyperref Info: PDF/A mode OFF on input line 6105.
LaTeX Info: Redefining \ref on input line 6145.
LaTeX Info: Redefining \pageref on input line 6149.

(C:\Users\bianc\AppData\Local\Programs\MiKTeX\tex/latex/base\atbegshi-ltx.sty
Package: atbegshi-ltx 2020/08/17 v1.0a Emulation of the original atbegshi packa
ge
with kernel methods
)
\Hy@abspage=\count272
\c@Item=\count273
\c@Hfootnote=\count274
)
Package hyperref Info: Driver (autodetected): hpdftex.
(C:\Users\bianc\AppData\Local\Programs\MiKTeX\tex/latex/hyperref\hpdftex.def
File: hpdftex.def 2021-02-10 v7.00j Hyperref driver for pdfTeX

(C:\Users\bianc\AppData\Local\Programs\MiKTeX\tex/latex/base\atveryend-ltx.sty
Package: atveryend-ltx 2020/08/19 v1.0a Emulation of the original atvery packag
e
with kernel methods
)
\Fld@listcount=\count275
\c@bookmark@seq@number=\count276

(C:\Users\bianc\AppData\Local\Programs\MiKTeX\tex/latex/rerunfilecheck\rerunfil
echeck.sty
Package: rerunfilecheck 2019/12/05 v1.9 Rerun checks for auxiliary files (HO)

(C:\Users\bianc\AppData\Local\Programs\MiKTeX\tex/generic/uniquecounter\uniquec
ounter.sty
Package: uniquecounter 2019/12/15 v1.4 Provide unlimited unique counter (HO)
)
Package uniquecounter Info: New unique counter `rerunfilecheck' on input line 2
86.
)
\Hy@SectionHShift=\skip57
)
(C:\Users\bianc\AppData\Local\Programs\MiKTeX\tex/latex/l3backend\l3backend-pdf
tex.def
File: l3backend-pdftex.def 2021-02-18 L3 backend support: PDF output (pdfTeX)
\l__color_backend_stack_int=\count277
\l__pdf_internal_box=\box51
) (ZusammenfassungML.aux)
\openout1 = `ZusammenfassungML.aux'.

LaTeX Font Info:    Checking defaults for OML/cmm/m/it on input line 18.
LaTeX Font Info:    ... okay on input line 18.
LaTeX Font Info:    Checking defaults for OMS/cmsy/m/n on input line 18.
LaTeX Font Info:    ... okay on input line 18.
LaTeX Font Info:    Checking defaults for OT1/cmr/m/n on input line 18.
LaTeX Font Info:    ... okay on input line 18.
LaTeX Font Info:    Checking defaults for T1/cmr/m/n on input line 18.
LaTeX Font Info:    ... okay on input line 18.
LaTeX Font Info:    Checking defaults for TS1/cmr/m/n on input line 18.
LaTeX Font Info:    ... okay on input line 18.
LaTeX Font Info:    Checking defaults for OMX/cmex/m/n on input line 18.
LaTeX Font Info:    ... okay on input line 18.
LaTeX Font Info:    Checking defaults for U/cmr/m/n on input line 18.
LaTeX Font Info:    ... okay on input line 18.
LaTeX Font Info:    Checking defaults for PD1/pdf/m/n on input line 18.
LaTeX Font Info:    ... okay on input line 18.
LaTeX Font Info:    Checking defaults for PU/pdf/m/n on input line 18.
LaTeX Font Info:    ... okay on input line 18.

(C:\Users\bianc\AppData\Local\Programs\MiKTeX\tex/context/base/mkii\supp-pdf.mk
ii
[Loading MPS to PDF converter (version 2006.09.02).]
\scratchcounter=\count278
\scratchdimen=\dimen157
\scratchbox=\box52
\nofMPsegments=\count279
\nofMParguments=\count280
\everyMPshowfont=\toks25
\MPscratchCnt=\count281
\MPscratchDim=\dimen158
\MPnumerator=\count282
\makeMPintoPDFobject=\count283
\everyMPtoPDFconversion=\toks26
)
(C:\Users\bianc\AppData\Local\Programs\MiKTeX\tex/latex/epstopdf-pkg\epstopdf-b
ase.sty
Package: epstopdf-base 2020-01-24 v2.11 Base part for package epstopdf
Package epstopdf-base Info: Redefining graphics rule for `.eps' on input line 4
85.
)
Package hyperref Info: Link coloring OFF on input line 18.

(C:\Users\bianc\AppData\Local\Programs\MiKTeX\tex/latex/hyperref\nameref.sty
Package: nameref 2021-04-02 v2.47 Cross-referencing by name of section

(C:\Users\bianc\AppData\Local\Programs\MiKTeX\tex/latex/refcount\refcount.sty
Package: refcount 2019/12/15 v3.6 Data extraction from label references (HO)
)
(C:\Users\bianc\AppData\Local\Programs\MiKTeX\tex/generic/gettitlestring\gettit
lestring.sty
Package: gettitlestring 2019/12/15 v1.6 Cleanup title references (HO)
)
\c@section@level=\count284
)
LaTeX Info: Redefining \ref on input line 18.
LaTeX Info: Redefining \pageref on input line 18.
LaTeX Info: Redefining \nameref on input line 18.
 (ZusammenfassungML.out) (ZusammenfassungML.out)
\@outlinefile=\write3
\openout3 = `ZusammenfassungML.out'.

LaTeX Font Info:    Trying to load font information for U+msa on input line 28.


(C:\Users\bianc\AppData\Local\Programs\MiKTeX\tex/latex/amsfonts\umsa.fd
File: umsa.fd 2013/01/14 v3.01 AMS symbols A
)
LaTeX Font Info:    Trying to load font information for U+msb on input line 28.


(C:\Users\bianc\AppData\Local\Programs\MiKTeX\tex/latex/amsfonts\umsb.fd
File: umsb.fd 2013/01/14 v3.01 AMS symbols B
)
LaTeX Font Info:    Trying to load font information for OMS+cmr on input line 5
0.

(C:\Users\bianc\AppData\Local\Programs\MiKTeX\tex/latex/base\omscmr.fd
File: omscmr.fd 2019/12/16 v2.5j Standard LaTeX font definitions
)
LaTeX Font Info:    Font shape `OMS/cmr/m/n' in size <10.95> not available
(Font)              Font shape `OMS/cmsy/m/n' tried instead on input line 50.
<./images//modelworld.jpg, id=312, 317.68687pt x 183.68625pt>
File: ./images//modelworld.jpg Graphic file (type jpg)
<use ./images//modelworld.jpg>
Package pdftex.def Info: ./images//modelworld.jpg  used on input line 62.
(pdftex.def)             Requested size: 360.0pt x 208.16843pt.

[1

{C:/Users/bianc/AppData/Local/MiKTeX/pdftex/config/pdftex.map}] [2 <./images//m
odelworld.jpg>] [3]
<./images//IGD.jpg, id=343, 523.20468pt x 234.1247pt>
File: ./images//IGD.jpg Graphic file (type jpg)
<use ./images//IGD.jpg>
Package pdftex.def Info: ./images//IGD.jpg  used on input line 149.
(pdftex.def)             Requested size: 360.0pt x 161.09607pt.
 [4]
LaTeX Font Info:    Font shape `OMS/cmr/m/it' in size <10.95> not available
(Font)              Font shape `OMS/cmsy/m/n' tried instead on input line 157.


LaTeX Warning: Command \textasciiacute invalid in math mode on input line 159.


LaTeX Warning: Command \textasciiacute invalid in math mode on input line 159.

Missing character: There is no ´ in font cmr10!
<./images//FindS.jpg, id=354, 593.21625pt x 235.63031pt>
File: ./images//FindS.jpg Graphic file (type jpg)
<use ./images//FindS.jpg>
Package pdftex.def Info: ./images//FindS.jpg  used on input line 179.
(pdftex.def)             Requested size: 360.0pt x 143.00081pt.
[5 <./images//IGD.jpg>]
<./images//Candidate1.jpg, id=361, 654.94687pt x 447.92343pt>
File: ./images//Candidate1.jpg Graphic file (type jpg)
<use ./images//Candidate1.jpg>
Package pdftex.def Info: ./images//Candidate1.jpg  used on input line 182.
(pdftex.def)             Requested size: 360.0pt x 246.20828pt.
<./images//Candidate2.jpg, id=362, 667.74469pt x 453.19313pt>
File: ./images//Candidate2.jpg Graphic file (type jpg)
<use ./images//Candidate2.jpg>
Package pdftex.def Info: ./images//Candidate2.jpg  used on input line 183.
(pdftex.def)             Requested size: 360.0pt x 244.33339pt.
 [6 <./images//FindS.jpg>]
<./images//VersionSpace.jpg, id=367, 695.59875pt x 335.00156pt>
File: ./images//VersionSpace.jpg Graphic file (type jpg)
<use ./images//VersionSpace.jpg>
Package pdftex.def Info: ./images//VersionSpace.jpg  used on input line 190.
(pdftex.def)             Requested size: 360.0pt x 173.3737pt.
<./images//VSBeispiel.jpg, id=368, 618.05907pt x 140.02313pt>
File: ./images//VSBeispiel.jpg Graphic file (type jpg)
<use ./images//VSBeispiel.jpg>
Package pdftex.def Info: ./images//VSBeispiel.jpg  used on input line 192.
(pdftex.def)             Requested size: 360.0pt x 81.56172pt.
 [7 <./images//Candidate1.jpg> <./images//Candidate2.jpg>] [8 <./images//Versio
nSpace.jpg> <./images//VSBeispiel.jpg>] [9] [10]
<./images//PT.jpg, id=391, 564.60938pt x 197.98969pt>
File: ./images//PT.jpg Graphic file (type jpg)
<use ./images//PT.jpg>
Package pdftex.def Info: ./images//PT.jpg  used on input line 309.
(pdftex.def)             Requested size: 360.0pt x 126.24167pt.
 [11 <./images//PT.jpg>]
<./images//BGD.jpg, id=396, 562.35094pt x 270.25969pt>
File: ./images//BGD.jpg Graphic file (type jpg)
<use ./images//BGD.jpg>
Package pdftex.def Info: ./images//BGD.jpg  used on input line 335.
(pdftex.def)             Requested size: 360.0pt x 173.01096pt.
 [12 <./images//BGD.jpg>]
File: ./images//IGD.jpg Graphic file (type jpg)
<use ./images//IGD.jpg>
Package pdftex.def Info: ./images//IGD.jpg  used on input line 348.
(pdftex.def)             Requested size: 360.0pt x 161.09607pt.
 [13]
[14]
<./images//MP.jpg, id=410, 639.13782pt x 395.22656pt>
File: ./images//MP.jpg Graphic file (type jpg)
<use ./images//MP.jpg>
Package pdftex.def Info: ./images//MP.jpg  used on input line 397.
(pdftex.def)             Requested size: 360.0pt x 222.61592pt.
<./images//forwardProp.jpg, id=411, 536.75531pt x 406.51875pt>
File: ./images//forwardProp.jpg Graphic file (type jpg)
<use ./images//forwardProp.jpg>
Package pdftex.def Info: ./images//forwardProp.jpg  used on input line 400.
(pdftex.def)             Requested size: 360.0pt x 272.65147pt.
<./images//forwardPropBatch.jpg, id=412, 642.14906pt x 404.26031pt>
File: ./images//forwardPropBatch.jpg Graphic file (type jpg)
<use ./images//forwardPropBatch.jpg>
Package pdftex.def Info: ./images//forwardPropBatch.jpg  used on input line 402
.
(pdftex.def)             Requested size: 360.0pt x 226.64331pt.
 [15 <./images//MP.jpg>]
<./images//BackwardProp.jpg, id=417, 606.76688pt x 409.53pt>
File: ./images//BackwardProp.jpg Graphic file (type jpg)
<use ./images//BackwardProp.jpg>
Package pdftex.def Info: ./images//BackwardProp.jpg  used on input line 404.
(pdftex.def)             Requested size: 360.0pt x 242.98286pt.
 [16 <./images//forwardProp.jpg> <./images//forwardPropBatch.jpg>]
<./images//MultiIGD.jpg, id=422, 617.30624pt x 350.81062pt>
File: ./images//MultiIGD.jpg Graphic file (type jpg)
<use ./images//MultiIGD.jpg>
Package pdftex.def Info: ./images//MultiIGD.jpg  used on input line 421.
(pdftex.def)             Requested size: 360.0pt x 204.58905pt.
 [17 <./images//BackwardProp.jpg>] [18 <./images//MultiIGD.jpg>] [19]

Package hyperref Warning: Token not allowed in a PDF string (Unicode):
(hyperref)                removing `math shift' on input line 478.


Package hyperref Warning: Token not allowed in a PDF string (Unicode):
(hyperref)                removing `\in' on input line 478.


Package hyperref Warning: Token not allowed in a PDF string (Unicode):
(hyperref)                removing `math shift' on input line 478.

<./images//dTree.jpg, id=441, 574.39594pt x 208.52907pt>
File: ./images//dTree.jpg Graphic file (type jpg)
<use ./images//dTree.jpg>
Package pdftex.def Info: ./images//dTree.jpg  used on input line 500.
(pdftex.def)             Requested size: 360.0pt x 130.69626pt.

Overfull \hbox (27.37506pt too wide) in paragraph at lines 498--501
[]  
 []

[20 <./images//dTree.jpg>]
<./images//construct.jpg, id=449, 335.00156pt x 278.54062pt>
File: ./images//construct.jpg Graphic file (type jpg)
<use ./images//construct.jpg>
Package pdftex.def Info: ./images//construct.jpg  used on input line 507.
(pdftex.def)             Requested size: 360.0pt x 299.32332pt.
 [21 <./images//construct.jpg>]
<./images//classify.jpg, id=454, 403.5075pt x 94.10156pt>
File: ./images//classify.jpg Graphic file (type jpg)
<use ./images//classify.jpg>
Package pdftex.def Info: ./images//classify.jpg  used on input line 518.
(pdftex.def)             Requested size: 360.0pt x 83.95544pt.
 [22 <./images//classify.jpg>]
Overfull \hbox (71.44974pt too wide) detected at line 541
\OML/cmm/m/it/10.95 Err\OT1/cmr/m/n/10.95 (\OML/cmm/m/it/10.95 t; D\OT1/cmr/m/n
/10.95 (\OML/cmm/m/it/10.95 t\OT1/cmr/m/n/10.95 )) = [] = 1 \OMS/cmsy/m/n/10.95
   [] []
 []

[23]
Overfull \hbox (31.8278pt too wide) detected at line 589
\OML/cmm/m/it/10.95 []\OT1/cmr/m/n/10.95 (\OML/cmm/m/it/10.95 D\OT1/cmr/m/n/10
.95 ) = 1 \OMS/cmsy/m/n/10.95   \OML/cmm/m/it/10.95 max\OMS/cmsy/m/n/10.95 f[]\
OML/cmm/m/it/10.95 ; []\OMS/cmsy/m/n/10.95 g
 []

<./images//impurity.jpg, id=469, 612.78937pt x 301.8778pt>
File: ./images//impurity.jpg Graphic file (type jpg)
<use ./images//impurity.jpg>
Package pdftex.def Info: ./images//impurity.jpg  used on input line 595.
(pdftex.def)             Requested size: 360.0pt x 177.34631pt.
[24] [25 <./images//impurity.jpg>]
<./images//impureEntropy2.jpg, id=479, 692.5875pt x 207.02344pt>
File: ./images//impureEntropy2.jpg Graphic file (type jpg)
<use ./images//impureEntropy2.jpg>
Package pdftex.def Info: ./images//impureEntropy2.jpg  used on input line 632.
(pdftex.def)             Requested size: 360.0pt x 107.61172pt.
<./images//impureEntropyk.jpg, id=480, 688.07062pt x 185.94469pt>
File: ./images//impureEntropyk.jpg Graphic file (type jpg)
<use ./images//impureEntropyk.jpg>
Package pdftex.def Info: ./images//impureEntropyk.jpg  used on input line 633.
(pdftex.def)             Requested size: 360.0pt x 97.28477pt.
<./images//lentropy.jpg, id=481, 570.63188pt x 130.23656pt>
File: ./images//lentropy.jpg Graphic file (type jpg)
<use ./images//lentropy.jpg>
Package pdftex.def Info: ./images//lentropy.jpg  used on input line 634.
(pdftex.def)             Requested size: 360.0pt x 82.16273pt.
<./images//lentropy2.jpg, id=482, 596.2275pt x 113.67468pt>
File: ./images//lentropy2.jpg Graphic file (type jpg)
<use ./images//lentropy2.jpg>
Package pdftex.def Info: ./images//lentropy2.jpg  used on input line 635.
(pdftex.def)             Requested size: 360.0pt x 68.63548pt.
 [26 <./images//impureEntropy2.jpg> <./images//impureEntropyk.jpg> <./images//l
entropy.jpg>]
<./images//ID3Text.jpg, id=488, 572.89032pt x 405.76593pt>
File: ./images//ID3Text.jpg Graphic file (type jpg)
<use ./images//ID3Text.jpg>
Package pdftex.def Info: ./images//ID3Text.jpg  used on input line 648.
(pdftex.def)             Requested size: 360.0pt x 254.98378pt.
<./images//ID3.jpg, id=489, 400.49625pt x 378.66469pt>
File: ./images//ID3.jpg Graphic file (type jpg)
<use ./images//ID3.jpg>
Package pdftex.def Info: ./images//ID3.jpg  used on input line 649.
(pdftex.def)             Requested size: 360.0pt x 340.39638pt.
 [27 <./images//lentropy2.jpg> <./images//ID3Text.jpg>]
<./images//Pilze.jpg, id=496, 279.29344pt x 149.8097pt>
File: ./images//Pilze.jpg Graphic file (type jpg)
<use ./images//Pilze.jpg>
Package pdftex.def Info: ./images//Pilze.jpg  used on input line 658.
(pdftex.def)             Requested size: 360.0pt x 193.1067pt.
<./images//ID3Pilze.jpg, id=497, 569.12625pt x 413.29407pt>
File: ./images//ID3Pilze.jpg Graphic file (type jpg)
<use ./images//ID3Pilze.jpg>
Package pdftex.def Info: ./images//ID3Pilze.jpg  used on input line 659.
(pdftex.def)             Requested size: 360.0pt x 261.4424pt.
<./images//ID3Baum.jpg, id=498, 628.59843pt x 257.46187pt>
File: ./images//ID3Baum.jpg Graphic file (type jpg)
<use ./images//ID3Baum.jpg>
Package pdftex.def Info: ./images//ID3Baum.jpg  used on input line 660.
(pdftex.def)             Requested size: 360.0pt x 147.4462pt.
 [28 <./images//ID3.jpg>] [29 <./images//Pilze.jpg> <./images//ID3Pilze.jpg>]
<./images//cart.jpg, id=507, 627.09282pt x 405.76593pt>
File: ./images//cart.jpg Graphic file (type jpg)
<use ./images//cart.jpg>
Package pdftex.def Info: ./images//cart.jpg  used on input line 682.
(pdftex.def)             Requested size: 360.0pt x 232.9483pt.
<./images//cartTree.jpg, id=508, 609.02531pt x 313.17pt>
File: ./images//cartTree.jpg Graphic file (type jpg)
<use ./images//cartTree.jpg>
Package pdftex.def Info: ./images//cartTree.jpg  used on input line 683.
(pdftex.def)             Requested size: 360.0pt x 185.1223pt.
 [30 <./images//ID3Baum.jpg>] [31 <./images//cart.jpg> <./images//cartTree.jpg>
]
<./images//stopping.jpg, id=518, 617.30624pt x 394.47375pt>
File: ./images//stopping.jpg Graphic file (type jpg)
<use ./images//stopping.jpg>
Package pdftex.def Info: ./images//stopping.jpg  used on input line 704.
(pdftex.def)             Requested size: 360.0pt x 230.05293pt.
 [32 <./images//stopping.jpg>]
<./images//pruning.jpg, id=525, 587.19376pt x 201.00093pt>
File: ./images//pruning.jpg Graphic file (type jpg)
<use ./images//pruning.jpg>
Package pdftex.def Info: ./images//pruning.jpg  used on input line 720.
(pdftex.def)             Requested size: 360.0pt x 123.22992pt.
<./images//Errorpruning.jpg, id=526, 511.15968pt x 191.9672pt>
File: ./images//Errorpruning.jpg Graphic file (type jpg)
<use ./images//Errorpruning.jpg>
Package pdftex.def Info: ./images//Errorpruning.jpg  used on input line 742.
(pdftex.def)             Requested size: 360.0pt x 135.1992pt.
 [33 <./images//pruning.jpg>]
<./images//pruningGraph.jpg, id=534, 392.21532pt x 252.19218pt>
File: ./images//pruningGraph.jpg Graphic file (type jpg)
<use ./images//pruningGraph.jpg>
Package pdftex.def Info: ./images//pruningGraph.jpg  used on input line 746.
(pdftex.def)             Requested size: 360.0pt x 231.49242pt.
 [34 <./images//Errorpruning.jpg> <./images//pruningGraph.jpg>]
<./images//Bayes.jpg, id=539, 631.60968pt x 279.29344pt>
File: ./images//Bayes.jpg Graphic file (type jpg)
<use ./images//Bayes.jpg>
Package pdftex.def Info: ./images//Bayes.jpg  used on input line 759.
(pdftex.def)             Requested size: 360.0pt x 159.19038pt.
 [35 <./images//Bayes.jpg>] (ZusammenfassungML.aux)
Package rerunfilecheck Info: File `ZusammenfassungML.out' has not changed.
(rerunfilecheck)             Checksum: 0690C74694D615FA04097A501941908E;13711.
 ) 
Here is how much of TeX's memory you used:
 10026 strings out of 479334
 146729 string characters out of 2857084
 444129 words of memory out of 3000000
 27197 multiletter control sequences out of 15000+200000
 412745 words of font info for 60 fonts, out of 3000000 for 9000
 1141 hyphenation exceptions out of 8191
 71i,16n,74p,441b,559s stack positions out of 5000i,500n,10000p,200000b,50000s
 <C:\Users\bianc\AppData\Local\MiKTeX\fonts/pk/ljfour/jknappen/ec/dpi600\tcrm
1095.pk><C:/Users/bianc/AppData/Local/Programs/MiKTeX/fonts/type1/public/amsfon
ts/cm/cmbx10.pfb><C:/Users/bianc/AppData/Local/Programs/MiKTeX/fonts/type1/publ
ic/amsfonts/cm/cmbx12.pfb><C:/Users/bianc/AppData/Local/Programs/MiKTeX/fonts/t
ype1/public/amsfonts/cm/cmbx6.pfb><C:/Users/bianc/AppData/Local/Programs/MiKTeX
/fonts/type1/public/amsfonts/cm/cmbx8.pfb><C:/Users/bianc/AppData/Local/Program
s/MiKTeX/fonts/type1/public/amsfonts/cm/cmex10.pfb><C:/Users/bianc/AppData/Loca
l/Programs/MiKTeX/fonts/type1/public/amsfonts/cm/cmmi10.pfb><C:/Users/bianc/App
Data/Local/Programs/MiKTeX/fonts/type1/public/amsfonts/cm/cmmi6.pfb><C:/Users/b
ianc/AppData/Local/Programs/MiKTeX/fonts/type1/public/amsfonts/cm/cmmi8.pfb><C:
/Users/bianc/AppData/Local/Programs/MiKTeX/fonts/type1/public/amsfonts/cm/cmmib
10.pfb><C:/Users/bianc/AppData/Local/Programs/MiKTeX/fonts/type1/public/amsfont
s/cm/cmr10.pfb><C:/Users/bianc/AppData/Local/Programs/MiKTeX/fonts/type1/public
/amsfonts/cm/cmr6.pfb><C:/Users/bianc/AppData/Local/Programs/MiKTeX/fonts/type1
/public/amsfonts/cm/cmr8.pfb><C:/Users/bianc/AppData/Local/Programs/MiKTeX/font
s/type1/public/amsfonts/cm/cmsy10.pfb><C:/Users/bianc/AppData/Local/Programs/Mi
KTeX/fonts/type1/public/amsfonts/cm/cmsy6.pfb><C:/Users/bianc/AppData/Local/Pro
grams/MiKTeX/fonts/type1/public/amsfonts/cm/cmsy8.pfb><C:/Users/bianc/AppData/L
ocal/Programs/MiKTeX/fonts/type1/public/amsfonts/cm/cmti10.pfb><C:/Users/bianc/
AppData/Local/Programs/MiKTeX/fonts/type1/public/amsfonts/symbols/msam10.pfb><C
:/Users/bianc/AppData/Local/Programs/MiKTeX/fonts/type1/public/amsfonts/symbols
/msbm10.pfb>
Output written on ZusammenfassungML.pdf (35 pages, 1923513 bytes).
PDF statistics:
 636 PDF objects out of 1000 (max. 8388607)
 143 named destinations out of 1000 (max. 500000)
 787 words of extra memory for PDF output out of 10000 (max. 10000000)

