\BOOKMARK [1][-]{section.1}{\376\377\000B\000e\000g\000r\000i\000f\000f\000e}{}% 1
\BOOKMARK [1][-]{section.2}{\376\377\000D\000e\000f\000i\000n\000i\000t\000i\000o\000n\000e\000n}{}% 2
\BOOKMARK [2][-]{subsection.2.1}{\376\377\000S\000p\000e\000c\000i\000f\000i\000c\000a\000t\000i\000o\000n\000\040\000o\000f\000\040\000l\000e\000a\000r\000n\000i\000n\000g\000\040\000t\000a\000s\000k\000s}{section.2}% 3
\BOOKMARK [2][-]{subsection.2.2}{\376\377\000M\000a\000c\000h\000i\000n\000e\000\040\000L\000e\000a\000r\000n\000i\000n\000g\000:}{section.2}% 4
\BOOKMARK [2][-]{subsection.2.3}{\376\377\000S\000u\000p\000e\000r\000v\000i\000s\000e\000d\000\040\000l\000e\000a\000r\000n\000i\000n\000g}{section.2}% 5
\BOOKMARK [2][-]{subsection.2.4}{\376\377\000U\000n\000s\000u\000p\000e\000r\000v\000i\000s\000e\000d\000\040\000l\000e\000a\000r\000n\000i\000n\000g}{section.2}% 6
\BOOKMARK [2][-]{subsection.2.5}{\376\377\000R\000e\000i\000n\000f\000o\000r\000c\000e\000m\000e\000n\000t\000\040\000l\000e\000a\000r\000n\000i\000n\000g}{section.2}% 7
\BOOKMARK [2][-]{subsection.2.6}{\376\377\000F\000e\000a\000t\000u\000r\000e\000\040\000V\000e\000k\000t\000o\000r}{section.2}% 8
\BOOKMARK [2][-]{subsection.2.7}{\376\377\000G\000r\000o\000u\000n\000d\000\040\000T\000r\000u\000t\000h}{section.2}% 9
\BOOKMARK [2][-]{subsection.2.8}{\376\377\000C\000l\000a\000s\000s\000i\000f\000i\000c\000a\000t\000i\000o\000n\000\040\000A\000p\000p\000r\000o\000a\000c\000h\000e\000s}{section.2}% 10
\BOOKMARK [3][-]{subsubsection.2.8.1}{\376\377\000g\000e\000n\000e\000r\000a\000t\000i\000v\000e\000\040\000a\000p\000p\000r\000o\000c\000h\000e\000s}{subsection.2.8}% 11
\BOOKMARK [3][-]{subsubsection.2.8.2}{\376\377\000d\000i\000s\000c\000r\000i\000m\000i\000n\000a\000t\000i\000v\000e\000\040\000a\000p\000p\000r\000o\000a\000c\000h\000e\000s}{subsection.2.8}% 12
\BOOKMARK [1][-]{section.3}{\376\377\000M\000a\000c\000h\000i\000n\000e\000\040\000L\000e\000a\000r\000n\000i\000n\000g\000\040\000B\000a\000s\000i\000c\000s}{}% 13
\BOOKMARK [2][-]{subsection.3.1}{\376\377\000L\000i\000n\000e\000a\000r\000e\000\040\000R\000e\000g\000r\000e\000s\000s\000i\000o\000n}{section.3}% 14
\BOOKMARK [3][-]{subsubsection.3.1.1}{\376\377\000O\000n\000e\000\040\000D\000i\000m\000e\000n\000s\000i\000o\000n\000a\000l\000\040\000F\000e\000a\000t\000u\000r\000e\000\040\000S\000p\000a\000c\000e}{subsection.3.1}% 15
\BOOKMARK [3][-]{subsubsection.3.1.2}{\376\377\000H\000i\000g\000h\000e\000r\000\040\000D\000i\000m\000e\000n\000s\000i\000o\000n\000a\000l\000\040\000F\000e\000a\000t\000u\000r\000e\000\040\000S\000p\000a\000c\000e}{subsection.3.1}% 16
\BOOKMARK [2][-]{subsection.3.2}{\376\377\000L\000M\000S\000:\000\040\000L\000e\000a\000s\000t\000\040\000M\000e\000a\000n\000\040\000S\000q\000u\000a\000r\000e\000d}{section.3}% 17
\BOOKMARK [2][-]{subsection.3.3}{\376\377\000C\000o\000n\000c\000e\000p\000t\000\040\000L\000e\000a\000r\000n\000i\000n\000g}{section.3}% 18
\BOOKMARK [3][-]{subsubsection.3.3.1}{\376\377\000F\000i\000n\000d\000-\000S}{subsection.3.3}% 19
\BOOKMARK [3][-]{subsubsection.3.3.2}{\376\377\000C\000a\000n\000d\000i\000d\000a\000t\000e\000\040\000E\000l\000i\000m\000i\000n\000a\000t\000i\000o\000n\000\040\000A\000l\000g\000o\000r\000i\000t\000h\000m}{subsection.3.3}% 20
\BOOKMARK [1][-]{section.4}{\376\377\000L\000i\000n\000e\000a\000r\000\040\000M\000o\000d\000e\000l\000s}{}% 21
\BOOKMARK [2][-]{subsection.4.1}{\376\377\000L\000o\000g\000i\000s\000t\000i\000c\000\040\000R\000e\000g\000r\000e\000s\000s\000i\000o\000n}{section.4}% 22
\BOOKMARK [3][-]{subsubsection.4.1.1}{\376\377\000L\000o\000s\000s\000\040\000f\000o\000r\000\040\000L\000o\000g\000i\000s\000t\000i\000c\000\040\000R\000e\000g\000r\000e\000s\000s\000i\000o\000n}{subsection.4.1}% 23
\BOOKMARK [2][-]{subsection.4.2}{\376\377\000O\000v\000e\000r\000f\000i\000t\000t\000i\000n\000g}{section.4}% 24
\BOOKMARK [3][-]{subsubsection.4.2.1}{\376\377\000W\000e\000l\000l\000-\000\040\000a\000n\000d\000\040\000I\000l\000l\000-\000p\000o\000s\000e\000d\000\040\000p\000r\000o\000b\000l\000e\000m\000s}{subsection.4.2}% 25
\BOOKMARK [2][-]{subsection.4.3}{\376\377\000R\000e\000g\000u\000l\000a\000r\000i\000z\000a\000t\000i\000o\000n}{section.4}% 26
\BOOKMARK [3][-]{subsubsection.4.3.1}{\376\377\000R\000e\000g\000u\000l\000a\000r\000i\000z\000e\000d\000\040\000L\000i\000n\000e\000a\000r\000\040\000R\000e\000g\000r\000e\000s\000s\000i\000o\000n}{subsection.4.3}% 27
\BOOKMARK [1][-]{section.5}{\376\377\000N\000e\000u\000r\000a\000l\000\040\000N\000e\000t\000w\000o\000r\000k\000s}{}% 28
\BOOKMARK [2][-]{subsection.5.1}{\376\377\000P\000e\000r\000c\000e\000p\000t\000i\000o\000n\000\040\000L\000e\000a\000r\000n\000i\000n\000g}{section.5}% 29
\BOOKMARK [3][-]{subsubsection.5.1.1}{\376\377\000P\000T\000\040\000A\000l\000g\000o\000r\000i\000t\000h\000m}{subsection.5.1}% 30
\BOOKMARK [2][-]{subsection.5.2}{\376\377\000G\000r\000a\000d\000i\000e\000n\000t\000\040\000D\000e\000s\000c\000e\000n\000t}{section.5}% 31
\BOOKMARK [3][-]{subsubsection.5.2.1}{\376\377\000L\000i\000n\000e\000a\000r\000\040\000R\000e\000g\000r\000e\000s\000s\000i\000o\000n\000\040\000+\000\040\000S\000q\000u\000a\000r\000e\000d\000\040\000L\000o\000s\000s}{subsection.5.2}% 32
\BOOKMARK [3][-]{subsubsection.5.2.2}{\376\377\000T\000h\000e\000\040\000B\000a\000t\000c\000h\000\040\000G\000r\000a\000d\000i\000e\000n\000t\000\040\000D\000e\000s\000c\000e\000n\000t\000\040\000\050\000B\000G\000D\000\051\000\040\000A\000l\000g\000o\000r\000i\000t\000h\000m}{subsection.5.2}% 33
\BOOKMARK [3][-]{subsubsection.5.2.3}{\376\377\000T\000h\000e\000\040\000I\000n\000c\000r\000e\000m\000e\000n\000t\000a\000l\000\040\000G\000r\000a\000d\000i\000e\000n\000t\000\040\000D\000e\000s\000c\000e\000n\000t\000\040\000I\000G\000D\000\040\000A\000l\000g\000o\000r\000i\000t\000h\000m}{subsection.5.2}% 34
\BOOKMARK [3][-]{subsubsection.5.2.4}{\376\377\000L\000i\000n\000e\000a\000r\000\040\000R\000e\000g\000r\000e\000s\000s\000i\000o\000n\000\040\000+\000\040\000S\000q\000u\000a\000r\000e\000d\000\040\000L\000o\000s\000s}{subsection.5.2}% 35
\BOOKMARK [3][-]{subsubsection.5.2.5}{\376\377\000L\000o\000g\000i\000s\000t\000i\000c\000\040\000R\000e\000g\000r\000e\000s\000s\000i\000o\000n\000\040\000+\000\040\000L\000o\000g\000i\000s\000t\000i\000c\000\040\000L\000o\000s\000s\000\040\000+\000\040\000R\000e\000g\000u\000l\000a\000r\000i\000z\000a\000t\000i\000o\000n}{subsection.5.2}% 36
\BOOKMARK [2][-]{subsection.5.3}{\376\377\000M\000u\000l\000t\000i\000l\000a\000y\000e\000r\000\040\000P\000e\000r\000c\000e\000p\000t\000r\000o\000n}{section.5}% 37
\BOOKMARK [3][-]{subsubsection.5.3.1}{\376\377\000L\000i\000n\000e\000a\000r\000\040\000S\000e\000p\000a\000r\000a\000b\000i\000l\000i\000t\000y}{subsection.5.3}% 38
\BOOKMARK [3][-]{subsubsection.5.3.2}{\376\377\000F\000o\000r\000w\000a\000r\000d\000\040\000p\000r\000o\000p\000a\000g\000a\000t\000i\000o\000n}{subsection.5.3}% 39
\BOOKMARK [3][-]{subsubsection.5.3.3}{\376\377\000B\000a\000c\000k\000w\000a\000r\000d\000s\000\040\000P\000r\000o\000p\000a\000g\000a\000t\000i\000o\000n}{subsection.5.3}% 40
\BOOKMARK [2][-]{subsection.5.4}{\376\377\000I\000G\000D\000\040\000f\000o\000r\000\040\000M\000u\000l\000t\000i\000l\000a\000y\000e\000r\000\040\000P\000e\000r\000c\000e\000p\000t\000r\000o\000n\000s}{section.5}% 41
\BOOKMARK [1][-]{section.6}{\376\377\000D\000e\000c\000i\000s\000i\000o\000n\000\040\000T\000r\000e\000e\000s}{}% 42
\BOOKMARK [2][-]{subsection.6.1}{\376\377\000S\000p\000l\000i\000t\000t\000i\000n\000g}{section.6}% 43
\BOOKMARK [3][-]{subsubsection.6.1.1}{\376\377\000P\000o\000s\000s\000i\000b\000l\000e\000\040\000c\000r\000i\000t\000e\000r\000i\000a\000\040\000f\000o\000r\000\040\000s\000p\000l\000i\000t\000t\000i\000n\000g\000\040\000o\000f\000\040\000X\000\050\000t\000\051}{subsection.6.1}% 44
\BOOKMARK [2][-]{subsection.6.2}{\376\377\000D\000e\000c\000i\000s\000i\000o\000n\000\040\000T\000r\000e\000e\000s\000\040\000D\000e\000f\000i\000n\000i\000t\000o\000n}{section.6}% 45
\BOOKMARK [3][-]{subsubsection.6.2.1}{\376\377\000c\000l\000a\000s\000s\000i\000f\000i\000c\000a\000t\000i\000o\000n\000\040\000o\000f\000\040\000s\000o\000m\000e\000\040\000x\000\040\000X\000\040\000g\000i\000v\000e\000n\000\040\000a\000\040\000d\000e\000c\000i\000s\000i\000o\000n\000\040\000t\000r\000e\000e\000\040\000T}{subsection.6.2}% 46
\BOOKMARK [3][-]{subsubsection.6.2.2}{\376\377\000N\000o\000t\000a\000t\000i\000o\000n\000s}{subsection.6.2}% 47
\BOOKMARK [3][-]{subsubsection.6.2.3}{\376\377\000D\000T\000-\000c\000o\000n\000s\000t\000r\000u\000c\000t}{subsection.6.2}% 48
\BOOKMARK [3][-]{subsubsection.6.2.4}{\376\377\000D\000T\000-\000c\000l\000a\000s\000s\000i\000f\000y}{subsection.6.2}% 49
\BOOKMARK [2][-]{subsection.6.3}{\376\377\000E\000v\000a\000l\000u\000a\000t\000i\000o\000n\000\040\000o\000f\000\040\000D\000T}{section.6}% 50
\BOOKMARK [3][-]{subsubsection.6.3.1}{\376\377\000m\000e\000a\000s\000u\000r\000i\000n\000g\000\040\000S\000i\000z\000e}{subsection.6.3}% 51
\BOOKMARK [3][-]{subsubsection.6.3.2}{\376\377\000C\000l\000a\000s\000s\000i\000f\000i\000c\000a\000t\000i\000o\000n\000\040\000E\000r\000r\000o\000r}{subsection.6.3}% 52
\BOOKMARK [2][-]{subsection.6.4}{\376\377\000I\000m\000p\000u\000r\000i\000t\000y\000\040\000F\000u\000n\000c\000t\000i\000o\000n\000s}{section.6}% 53
\BOOKMARK [3][-]{subsubsection.6.4.1}{\376\377\000S\000t\000r\000i\000c\000t\000\040\000I\000m\000p\000u\000r\000i\000t\000y\000\040\000F\000u\000n\000c\000t\000i\000o\000n}{subsection.6.4}% 54
\BOOKMARK [3][-]{subsubsection.6.4.2}{\376\377\000I\000m\000p\000u\000r\000i\000t\000y\000\040\000o\000f\000\040\000a\000n\000\040\000E\000x\000a\000m\000p\000l\000e\000\040\000S\000e\000t}{subsection.6.4}% 55
\BOOKMARK [3][-]{subsubsection.6.4.3}{\376\377\000I\000m\000p\000u\000r\000i\000t\000y\000\040\000R\000e\000d\000u\000c\000t\000i\000o\000n}{subsection.6.4}% 56
\BOOKMARK [3][-]{subsubsection.6.4.4}{\376\377\000I\000m\000p\000u\000r\000i\000t\000y\000\040\000F\000u\000n\000c\000t\000i\000o\000n\000s\000\040\000B\000a\000s\000e\000d\000\040\000o\000n\000\040\000t\000h\000e\000\040\000m\000i\000s\000c\000l\000a\000s\000s\000i\000f\000i\000c\000a\000t\000i\000o\000n\000\040\000R\000a\000t\000e}{subsection.6.4}% 57
\BOOKMARK [2][-]{subsection.6.5}{\376\377\000E\000n\000t\000r\000o\000p\000y}{section.6}% 58
\BOOKMARK [3][-]{subsubsection.6.5.1}{\376\377\000C\000o\000n\000d\000i\000t\000i\000o\000n\000a\000l\000\040\000E\000n\000t\000r\000o\000p\000y}{subsection.6.5}% 59
\BOOKMARK [3][-]{subsubsection.6.5.2}{\376\377\000I\000n\000f\000o\000r\000m\000a\000t\000i\000o\000n\000\040\000G\000a\000i\000n}{subsection.6.5}% 60
\BOOKMARK [3][-]{subsubsection.6.5.3}{\376\377\000I\000m\000p\000u\000r\000i\000t\000y\000\040\000F\000u\000n\000c\000t\000i\000o\000n\000s\000\040\000B\000a\000s\000e\000d\000\040\000o\000n\000\040\000E\000n\000t\000r\000o\000p\000y}{subsection.6.5}% 61
\BOOKMARK [3][-]{subsubsection.6.5.4}{\376\377\000I\000m\000p\000u\000r\000i\000t\000y\000\040\000F\000u\000n\000c\000t\000i\000o\000n\000s\000\040\000B\000a\000s\000e\000d\000\040\000o\000n\000\040\000t\000h\000e\000\040\000G\000i\000n\000i\000\040\000I\000n\000d\000e\000x}{subsection.6.5}% 62
\BOOKMARK [2][-]{subsection.6.6}{\376\377\000D\000e\000c\000i\000s\000i\000o\000n\000\040\000T\000r\000e\000e\000\040\000A\000l\000g\000o\000r\000i\000t\000h\000m\000s}{section.6}% 63
\BOOKMARK [3][-]{subsubsection.6.6.1}{\376\377\000I\000D\0003\000\040\000A\000l\000g\000o\000r\000i\000t\000h\000m}{subsection.6.6}% 64
\BOOKMARK [3][-]{subsubsection.6.6.2}{\376\377\000I\000D\0003\000\040\000B\000e\000i\000s\000p\000i\000e\000l}{subsection.6.6}% 65
\BOOKMARK [3][-]{subsubsection.6.6.3}{\376\377\000I\000D\0003\000\040\000I\000n\000d\000u\000c\000t\000i\000v\000e\000\040\000B\000i\000a\000s}{subsection.6.6}% 66
\BOOKMARK [3][-]{subsubsection.6.6.4}{\376\377\000C\000A\000R\000T\000\040\000A\000l\000g\000o\000r\000i\000t\000h\000m}{subsection.6.6}% 67
\BOOKMARK [2][-]{subsection.6.7}{\376\377\000D\000e\000c\000i\000s\000i\000o\000n\000\040\000T\000r\000e\000e\000\040\000P\000r\000u\000n\000i\000n\000g}{section.6}% 68
\BOOKMARK [3][-]{subsubsection.6.7.1}{\376\377\000O\000v\000e\000r\000f\000i\000t\000t\000i\000n\000g\000\040\000\050\000a\000l\000i\000a\000s\000\040\000O\000v\000e\000r\000g\000r\000o\000w\000i\000n\000g\000\051\000\040\000D\000e\000c\000i\000s\000i\000o\000n\000\040\000T\000r\000e\000e\000s}{subsection.6.7}% 69
\BOOKMARK [3][-]{subsubsection.6.7.2}{\376\377\000s\000t\000o\000p\000p\000i\000n\000g\000\040\000i\000n\000s\000t\000e\000a\000d\000\040\000o\000f\000\040\000p\000r\000u\000n\000i\000n\000g}{subsection.6.7}% 70
\BOOKMARK [2][-]{subsection.6.8}{\376\377\000P\000r\000u\000n\000i\000n\000g}{section.6}% 71
\BOOKMARK [3][-]{subsubsection.6.8.1}{\376\377\000P\000r\000u\000n\000i\000n\000g\000\040\000i\000n\000d\000u\000c\000e\000d\000\040\000o\000r\000d\000e\000r\000i\000n\000g}{subsection.6.8}% 72
\BOOKMARK [3][-]{subsubsection.6.8.2}{\376\377\000R\000e\000d\000u\000c\000e\000d\000\040\000E\000r\000r\000o\000r\000\040\000P\000r\000u\000n\000i\000n\000g}{subsection.6.8}% 73
\BOOKMARK [1][-]{section.7}{\376\377\000S\000t\000a\000t\000i\000s\000t\000i\000c\000a\000l\000\040\000L\000e\000a\000r\000n\000i\000n\000g}{}% 74
\BOOKMARK [2][-]{subsection.7.1}{\376\377\000P\000r\000o\000b\000a\000b\000i\000l\000i\000t\000y\000\040\000B\000a\000s\000i\000c\000s}{section.7}% 75
\BOOKMARK [2][-]{subsection.7.2}{\376\377\000B\000a\000y\000e\000s\000\040\000C\000l\000a\000s\000s\000i\000f\000i\000c\000a\000t\000i\000o\000n}{section.7}% 76
